

*******************************************************************************
Tue Sep 21 11:55:17 2021


FIT:    data read from "efic.txt"
        format = z
        #datapoints = 38
        residuals are weighted equally (unit weight)

function used for fitting: f(x)
	f(x)=a*x**2+b*x+c
BREAK: Need via and either parameter list or file

*******************************************************************************
Tue Sep 21 11:56:26 2021


FIT:    data read from "efic.txt"
        format = z
        #datapoints = 38
        residuals are weighted equally (unit weight)

function used for fitting: f(x)
	f(x)=a*x**2+b*x+c
BREAK: Need via and either parameter list or file

*******************************************************************************
Tue Sep 21 11:57:25 2021


FIT:    data read from "efic.txt"
        format = z
        #datapoints = 38
        residuals are weighted equally (unit weight)

function used for fitting: f(x)
	f(x)=a*x**2+b*x+c
fitted parameters initialized with current variable values

iter      chisq       delta/lim  lambda   a             b             c            
   0 1.2013396956e+22   0.00e+00  1.03e+10    1.000000e+00   1.000000e+00   1.000000e+00
  13 2.2820411368e+07  -2.44e-03  1.03e-03    3.552587e-06   1.434771e-02  -5.051073e+02

After 13 iterations the fit converged.
final sum of squares of residuals : 2.28204e+07
rel. change during last iteration : -2.44075e-08

degrees of freedom    (FIT_NDF)                        : 35
rms of residuals      (FIT_STDFIT) = sqrt(WSSR/ndf)    : 807.472
variance of residuals (reduced chisquare) = WSSR/ndf   : 652012

Final set of parameters            Asymptotic Standard Error
=======================            ==========================
a               = 3.55259e-06      +/- 4.877e-08    (1.373%)
b               = 0.0143477        +/- 0.01028      (71.64%)
c               = -505.107         +/- 459.2        (90.92%)

correlation matrix of the fit parameters:
                a      b      c      
a               1.000 
b              -0.973  1.000 
c               0.796 -0.899  1.000 


*******************************************************************************
Tue Sep 21 11:57:35 2021


FIT:    data read from "efic.txt"
        format = z
        #datapoints = 38
        residuals are weighted equally (unit weight)

function used for fitting: g(x)
	g(x)=a*x+b
fitted parameters initialized with current variable values

iter      chisq       delta/lim  lambda   a             b            
   0 1.5760847990e+11   0.00e+00  2.92e-01    3.552587e-06   1.434771e-02
   4 3.4830860566e+09  -4.47e-01  2.92e-05    7.426281e-01  -2.714951e+04

After 4 iterations the fit converged.
final sum of squares of residuals : 3.48309e+09
rel. change during last iteration : -4.47076e-06

degrees of freedom    (FIT_NDF)                        : 36
rms of residuals      (FIT_STDFIT) = sqrt(WSSR/ndf)    : 9836.28
variance of residuals (reduced chisquare) = WSSR/ndf   : 9.67524e+07

Final set of parameters            Asymptotic Standard Error
=======================            ==========================
a               = 0.742628         +/- 0.0291       (3.919%)
b               = -27149.5         +/- 3383         (12.46%)

correlation matrix of the fit parameters:
                a      b      
a               1.000 
b              -0.882  1.000 


*******************************************************************************
Tue Sep 21 11:58:14 2021


FIT:    data read from "efic.txt"
        format = z
        #datapoints = 38
        residuals are weighted equally (unit weight)

function used for fitting: f(x)
	f(x)=a*x**2+b*x+c
fitted parameters initialized with current variable values

iter      chisq       delta/lim  lambda   a             b             c            
   0 3.9371071070e+21   0.00e+00  7.84e+09    7.426281e-01  -2.714951e+04  -5.051073e+02
   5 2.2820411368e+07  -3.05e-05  7.84e+04    3.552587e-06   1.434771e-02  -5.051071e+02

After 5 iterations the fit converged.
final sum of squares of residuals : 2.28204e+07
rel. change during last iteration : -3.04935e-10

degrees of freedom    (FIT_NDF)                        : 35
rms of residuals      (FIT_STDFIT) = sqrt(WSSR/ndf)    : 807.472
variance of residuals (reduced chisquare) = WSSR/ndf   : 652012

Final set of parameters            Asymptotic Standard Error
=======================            ==========================
a               = 3.55259e-06      +/- 4.877e-08    (1.373%)
b               = 0.0143477        +/- 0.01028      (71.64%)
c               = -505.107         +/- 459.2        (90.92%)

correlation matrix of the fit parameters:
                a      b      c      
a               1.000 
b              -0.973  1.000 
c               0.796 -0.899  1.000 


*******************************************************************************
Tue Sep 21 11:58:45 2021


FIT:    data read from "efic.txt"
        format = z
        #datapoints = 38
        residuals are weighted equally (unit weight)

function used for fitting: g(x)
	g(x)=a*x+b
fitted parameters initialized with current variable values

iter      chisq       delta/lim  lambda   a             b            
   0 1.5760847990e+11   0.00e+00  2.92e-01    3.552587e-06   1.434771e-02
   4 3.4830860566e+09  -4.47e-01  2.92e-05    7.426281e-01  -2.714951e+04

After 4 iterations the fit converged.
final sum of squares of residuals : 3.48309e+09
rel. change during last iteration : -4.47077e-06

degrees of freedom    (FIT_NDF)                        : 36
rms of residuals      (FIT_STDFIT) = sqrt(WSSR/ndf)    : 9836.28
variance of residuals (reduced chisquare) = WSSR/ndf   : 9.67524e+07

Final set of parameters            Asymptotic Standard Error
=======================            ==========================
a               = 0.742628         +/- 0.0291       (3.919%)
b               = -27149.5         +/- 3383         (12.46%)

correlation matrix of the fit parameters:
                a      b      
a               1.000 
b              -0.882  1.000 


*******************************************************************************
Tue Sep 21 12:06:51 2021


FIT:    data read from "ejercicio2.txt"
        format = z
        #datapoints = 58
        residuals are weighted equally (unit weight)

function used for fitting: h(x)
	h(x)=a*x*log(x)+b
fitted parameters initialized with current variable values

iter      chisq       delta/lim  lambda   a             b            
   0 5.0001182890e+18   0.00e+00  2.08e+08    1.000000e+00   1.000000e+00
   4 1.7185335353e+05  -1.79e-06  2.08e+04    1.062412e-05   1.000000e+00

After 4 iterations the fit converged.
final sum of squares of residuals : 171853
rel. change during last iteration : -1.78914e-11

degrees of freedom    (FIT_NDF)                        : 56
rms of residuals      (FIT_STDFIT) = sqrt(WSSR/ndf)    : 55.3968
variance of residuals (reduced chisquare) = WSSR/ndf   : 3068.81

Final set of parameters            Asymptotic Standard Error
=======================            ==========================
a               = 1.06241e-05      +/- 4.988e-08    (0.4695%)
b               = 1                +/- 14.64        (1464%)

correlation matrix of the fit parameters:
                a      b      
a               1.000 
b              -0.868  1.000 


*******************************************************************************
Tue Sep 21 12:11:22 2021


FIT:    data read from "hanoi.txt"
        format = z
        #datapoints = 16
        residuals are weighted equally (unit weight)

function used for fitting: k(x)
	k(x)=a*2**x+b
fitted parameters initialized with current variable values

iter      chisq       delta/lim  lambda   a             b            
   0 6.1946573479e+10   0.00e+00  7.45e+04    1.062412e-05   1.000000e+00
   3 1.9620407781e+06  -2.97e-01  7.45e+01    1.689722e-05   9.994920e-01

After 3 iterations the fit converged.
final sum of squares of residuals : 1.96204e+06
rel. change during last iteration : -2.97392e-06

degrees of freedom    (FIT_NDF)                        : 14
rms of residuals      (FIT_STDFIT) = sqrt(WSSR/ndf)    : 374.36
variance of residuals (reduced chisquare) = WSSR/ndf   : 140146

Final set of parameters            Asymptotic Standard Error
=======================            ==========================
a               = 1.68972e-05      +/- 1.047e-08    (0.06195%)
b               = 0.999492         +/- 103.8        (1.039e+04%)

correlation matrix of the fit parameters:
                a      b      
a               1.000 
b              -0.433  1.000 


*******************************************************************************
Tue Sep 21 12:21:11 2021


FIT:    data read from "fibonacci.txt"
        format = z
        #datapoints = 27
        residuals are weighted equally (unit weight)

function used for fitting: f(x)
	f(x)=a**x+b
fitted parameters initialized with current variable values

iter      chisq       delta/lim  lambda   a             b            
   0 3.3468414849e+14   0.00e+00  2.44e+01    1.000000e+00   1.000000e+00
   1 3.3468392237e+14  -6.76e-02  2.44e+04    1.030630e+00   1.000680e+00

After 1 iterations the fit converged.
final sum of squares of residuals : 3.34684e+14
rel. change during last iteration : -6.75629e-07

degrees of freedom    (FIT_NDF)                        : 25
rms of residuals      (FIT_STDFIT) = sqrt(WSSR/ndf)    : 3.65887e+06
variance of residuals (reduced chisquare) = WSSR/ndf   : 1.33874e+13

Final set of parameters            Asymptotic Standard Error
=======================            ==========================
a               = 1.03063          +/- 1.608e+04    (1.56e+06%)
b               = 1.00068          +/- 1.691e+06    (1.69e+08%)

correlation matrix of the fit parameters:
                a      b      
a               1.000 
b              -0.909  1.000 


*******************************************************************************
Tue Sep 21 12:22:55 2021


FIT:    data read from "fibonacci.txt"
        format = z
        #datapoints = 27
        residuals are weighted equally (unit weight)

function used for fitting: f(x)
	f(x)=x**a+b
fitted parameters initialized with current variable values

iter      chisq       delta/lim  lambda   a             b            
   0 3.3468021612e+14   0.00e+00  9.90e+01    1.030630e+00   1.000680e+00

Current data point
=========================
#               = 1 out of 27
x               = 15010.4        
z               = 144            

Current set of parameters
=========================
a               = 15010.4        
b               = -1229.06       

BREAK: Undefined value during function evaluation

*******************************************************************************
Tue Sep 21 12:23:28 2021


FIT:    data read from "fibonacci.txt"
        format = z
        #datapoints = 27
        residuals are weighted equally (unit weight)

function used for fitting: f(x)
	f(x)=a**2*x+b
fitted parameters initialized with current variable values

iter      chisq       delta/lim  lambda   a             b            
   0 1.5750059751e+21   0.00e+00  1.08e+10    1.501040e+04  -1.229057e+03
  19 1.5097754421e+14  -9.17e-07  1.08e-01    5.232356e+02  -7.532327e+06

After 19 iterations the fit converged.
final sum of squares of residuals : 1.50978e+14
rel. change during last iteration : -9.17086e-12

degrees of freedom    (FIT_NDF)                        : 25
rms of residuals      (FIT_STDFIT) = sqrt(WSSR/ndf)    : 2.45746e+06
variance of residuals (reduced chisquare) = WSSR/ndf   : 6.0391e+12

Final set of parameters            Asymptotic Standard Error
=======================            ==========================
a               = 523.236          +/- 57.99        (11.08%)
b               = -7.53233e+06     +/- 2.059e+06    (27.33%)

correlation matrix of the fit parameters:
                a      b      
a               1.000 
b              -0.973  1.000 
